   1              		.cpu arm7tdmi-s
   2              		.fpu softvfp
   3              		.eabi_attribute 20, 1
   4              		.eabi_attribute 21, 1
   5              		.eabi_attribute 23, 3
   6              		.eabi_attribute 24, 1
   7              		.eabi_attribute 25, 1
   8              		.eabi_attribute 26, 1
   9              		.eabi_attribute 30, 4
  10              		.eabi_attribute 34, 0
  11              		.eabi_attribute 18, 4
  12              		.file	"lutmath.c"
  13              		.text
  14              	.Ltext0:
  15              		.cfi_sections	.debug_frame
  16              		.global	__aeabi_fcmplt
  17              		.global	__aeabi_dsub
  18              		.global	__aeabi_d2f
  19              		.global	__aeabi_f2d
  20              		.global	__aeabi_dcmpge
  21              		.global	__aeabi_ddiv
  22              		.global	__aeabi_dmul
  23              		.global	__aeabi_d2uiz
  24              		.align	2
  25              		.global	sinlut
  27              	sinlut:
  28              	.LFB1:
  29              		.file 1 "../firmware/lutmath.c"
   1:../firmware/lutmath.c **** #include <math.h>
   2:../firmware/lutmath.c **** #include <stdint.h>
   3:../firmware/lutmath.c **** #include "lutmath.h"
   4:../firmware/lutmath.c **** 
   5:../firmware/lutmath.c **** /// The sine lookup table. Also used for cosine.
   6:../firmware/lutmath.c **** static const float sin_LUT[805] = {
   7:../firmware/lutmath.c ****   0.000000, 0.007815, 0.015629, 0.023443, 0.031255, 0.039065, 0.046872, 0.054677, 0.062479, 0.07027
   8:../firmware/lutmath.c ****   0.078070, 0.085858, 0.093641, 0.101419, 0.109191, 0.116955, 0.124713, 0.132463, 0.140205, 0.14793
   9:../firmware/lutmath.c ****   0.155663, 0.163377, 0.171082, 0.178777, 0.186460, 0.194132, 0.201792, 0.209440, 0.217075, 0.22469
  10:../firmware/lutmath.c ****   0.232305, 0.239899, 0.247479, 0.255043, 0.262591, 0.270124, 0.277640, 0.285139, 0.292621, 0.30008
  11:../firmware/lutmath.c ****   0.307530, 0.314957, 0.322364, 0.329752, 0.337120, 0.344467, 0.351793, 0.359097, 0.366380, 0.37364
  12:../firmware/lutmath.c ****   0.380878, 0.388092, 0.395282, 0.402449, 0.409590, 0.416707, 0.423798, 0.430864, 0.437903, 0.44491
  13:../firmware/lutmath.c ****   0.451900, 0.458858, 0.465787, 0.472688, 0.479561, 0.486404, 0.493217, 0.500000, 0.506753, 0.51347
  14:../firmware/lutmath.c ****   0.520164, 0.526823, 0.533449, 0.540043, 0.546604, 0.553131, 0.559625, 0.566084, 0.572509, 0.57889
  15:../firmware/lutmath.c ****   0.585253, 0.591572, 0.597855, 0.604101, 0.610310, 0.616482, 0.622617, 0.628713, 0.634771, 0.64079
  16:../firmware/lutmath.c ****   0.646770, 0.652710, 0.658611, 0.664471, 0.670291, 0.676070, 0.681808, 0.687504, 0.693158, 0.69876
  17:../firmware/lutmath.c ****   0.704338, 0.709864, 0.715347, 0.720786, 0.726181, 0.731531, 0.736837, 0.742098, 0.747314, 0.75248
  18:../firmware/lutmath.c ****   0.757608, 0.762685, 0.767716, 0.772700, 0.777638, 0.782527, 0.787369, 0.792162, 0.796908, 0.80160
  19:../firmware/lutmath.c ****   0.806252, 0.810850, 0.815399, 0.819898, 0.824347, 0.828746, 0.833094, 0.837391, 0.841637, 0.84583
  20:../firmware/lutmath.c ****   0.849975, 0.854066, 0.858105, 0.862092, 0.866025, 0.869906, 0.873734, 0.877509, 0.881230, 0.88489
  21:../firmware/lutmath.c ****   0.888510, 0.892068, 0.895573, 0.899022, 0.902417, 0.905757, 0.909041, 0.912270, 0.915443, 0.91856
  22:../firmware/lutmath.c ****   0.921621, 0.924625, 0.927574, 0.930465, 0.933300, 0.936078, 0.938798, 0.941462, 0.944068, 0.94661
  23:../firmware/lutmath.c ****   0.949106, 0.951538, 0.953913, 0.956229, 0.958486, 0.960685, 0.962826, 0.964907, 0.966930, 0.96889
  24:../firmware/lutmath.c ****   0.970798, 0.972643, 0.974429, 0.976155, 0.977821, 0.979428, 0.980975, 0.982463, 0.983890, 0.98525
  25:../firmware/lutmath.c ****   0.986564, 0.987810, 0.988997, 0.990122, 0.991188, 0.992193, 0.993137, 0.994021, 0.994844, 0.99560
  26:../firmware/lutmath.c ****   0.996307, 0.996948, 0.997528, 0.998046, 0.998504, 0.998901, 0.999237, 0.999511, 0.999725, 0.99987
  27:../firmware/lutmath.c ****   0.999969, 1.000000, 0.999969, 0.999878, 0.999725, 0.999511, 0.999237, 0.998901, 0.998504, 0.99804
  28:../firmware/lutmath.c ****   0.997528, 0.996948, 0.996307, 0.995606, 0.994844, 0.994021, 0.993137, 0.992193, 0.991188, 0.99012
  29:../firmware/lutmath.c ****   0.988997, 0.987810, 0.986564, 0.985257, 0.983890, 0.982463, 0.980975, 0.979428, 0.977821, 0.97615
  30:../firmware/lutmath.c ****   0.974429, 0.972643, 0.970798, 0.968893, 0.966930, 0.964907, 0.962826, 0.960685, 0.958486, 0.95622
  31:../firmware/lutmath.c ****   0.953913, 0.951538, 0.949106, 0.946616, 0.944068, 0.941462, 0.938798, 0.936078, 0.933300, 0.93046
  32:../firmware/lutmath.c ****   0.927574, 0.924625, 0.921621, 0.918560, 0.915443, 0.912270, 0.909041, 0.905757, 0.902417, 0.89902
  33:../firmware/lutmath.c ****   0.895573, 0.892068, 0.888510, 0.884897, 0.881230, 0.877509, 0.873734, 0.869906, 0.866025, 0.86209
  34:../firmware/lutmath.c ****   0.858105, 0.854066, 0.849975, 0.845832, 0.841637, 0.837391, 0.833094, 0.828746, 0.824347, 0.81989
  35:../firmware/lutmath.c ****   0.815399, 0.810850, 0.806252, 0.801604, 0.796908, 0.792162, 0.787369, 0.782527, 0.777638, 0.77270
  36:../firmware/lutmath.c ****   0.767716, 0.762685, 0.757608, 0.752484, 0.747314, 0.742098, 0.736837, 0.731531, 0.726181, 0.72078
  37:../firmware/lutmath.c ****   0.715347, 0.709864, 0.704338, 0.698769, 0.693158, 0.687504, 0.681808, 0.676070, 0.670291, 0.66447
  38:../firmware/lutmath.c ****   0.658611, 0.652710, 0.646770, 0.640790, 0.634771, 0.628713, 0.622617, 0.616482, 0.610310, 0.60410
  39:../firmware/lutmath.c ****   0.597855, 0.591572, 0.585253, 0.578899, 0.572509, 0.566084, 0.559625, 0.553131, 0.546604, 0.54004
  40:../firmware/lutmath.c ****   0.533449, 0.526823, 0.520164, 0.513474, 0.506753, 0.500000, 0.493217, 0.486404, 0.479561, 0.47268
  41:../firmware/lutmath.c ****   0.465787, 0.458858, 0.451900, 0.444915, 0.437903, 0.430864, 0.423798, 0.416707, 0.409590, 0.40244
  42:../firmware/lutmath.c ****   0.395282, 0.388092, 0.380878, 0.373640, 0.366380, 0.359097, 0.351793, 0.344467, 0.337120, 0.32975
  43:../firmware/lutmath.c ****   0.322364, 0.314957, 0.307530, 0.300085, 0.292621, 0.285139, 0.277640, 0.270124, 0.262591, 0.25504
  44:../firmware/lutmath.c ****   0.247479, 0.239899, 0.232305, 0.224697, 0.217075, 0.209440, 0.201792, 0.194132, 0.186460, 0.17877
  45:../firmware/lutmath.c ****   0.171082, 0.163377, 0.155663, 0.147938, 0.140205, 0.132463, 0.124713, 0.116955, 0.109191, 0.10141
  46:../firmware/lutmath.c ****   0.093641, 0.085858, 0.078070, 0.070276, 0.062479, 0.054677, 0.046872, 0.039065, 0.031255, 0.02344
  47:../firmware/lutmath.c ****   0.015629, 0.007815, 0.000000, -0.007815, -0.015629, -0.023443, -0.031255, -0.039065, -0.046872, -
  48:../firmware/lutmath.c ****   -0.062479, -0.070276, -0.078070, -0.085858, -0.093641, -0.101419, -0.109191, -0.116955, -0.124713
  49:../firmware/lutmath.c ****   -0.140205, -0.147938, -0.155663, -0.163377, -0.171082, -0.178777, -0.186460, -0.194132, -0.201792
  50:../firmware/lutmath.c ****   -0.217075, -0.224697, -0.232305, -0.239899, -0.247479, -0.255043, -0.262591, -0.270124, -0.277640
  51:../firmware/lutmath.c ****   -0.292621, -0.300085, -0.307530, -0.314957, -0.322364, -0.329752, -0.337120, -0.344467, -0.351793
  52:../firmware/lutmath.c ****   -0.366380, -0.373640, -0.380878, -0.388092, -0.395282, -0.402449, -0.409590, -0.416707, -0.423798
  53:../firmware/lutmath.c ****   -0.437903, -0.444915, -0.451900, -0.458858, -0.465787, -0.472688, -0.479561, -0.486404, -0.493217
  54:../firmware/lutmath.c ****   -0.506753, -0.513474, -0.520164, -0.526823, -0.533449, -0.540043, -0.546604, -0.553131, -0.559625
  55:../firmware/lutmath.c ****   -0.572509, -0.578899, -0.585253, -0.591572, -0.597855, -0.604101, -0.610310, -0.616482, -0.622617
  56:../firmware/lutmath.c ****   -0.634771, -0.640790, -0.646770, -0.652710, -0.658611, -0.664471, -0.670291, -0.676070, -0.681808
  57:../firmware/lutmath.c ****   -0.693158, -0.698769, -0.704338, -0.709864, -0.715347, -0.720786, -0.726181, -0.731531, -0.736837
  58:../firmware/lutmath.c ****   -0.747314, -0.752484, -0.757608, -0.762685, -0.767716, -0.772700, -0.777638, -0.782527, -0.787369
  59:../firmware/lutmath.c ****   -0.796908, -0.801604, -0.806252, -0.810850, -0.815399, -0.819898, -0.824347, -0.828746, -0.833094
  60:../firmware/lutmath.c ****   -0.841637, -0.845832, -0.849975, -0.854066, -0.858105, -0.862092, -0.866025, -0.869906, -0.873734
  61:../firmware/lutmath.c ****   -0.881230, -0.884897, -0.888510, -0.892068, -0.895573, -0.899022, -0.902417, -0.905757, -0.909041
  62:../firmware/lutmath.c ****   -0.915443, -0.918560, -0.921621, -0.924625, -0.927574, -0.930465, -0.933300, -0.936078, -0.938798
  63:../firmware/lutmath.c ****   -0.944068, -0.946616, -0.949106, -0.951538, -0.953913, -0.956229, -0.958486, -0.960685, -0.962826
  64:../firmware/lutmath.c ****   -0.966930, -0.968893, -0.970798, -0.972643, -0.974429, -0.976155, -0.977821, -0.979428, -0.980975
  65:../firmware/lutmath.c ****   -0.983890, -0.985257, -0.986564, -0.987810, -0.988997, -0.990122, -0.991188, -0.992193, -0.993137
  66:../firmware/lutmath.c ****   -0.994844, -0.995606, -0.996307, -0.996948, -0.997528, -0.998046, -0.998504, -0.998901, -0.999237
  67:../firmware/lutmath.c ****   -0.999725, -0.999878, -0.999969, -1.000000, -0.999969, -0.999878, -0.999725, -0.999511, -0.999237
  68:../firmware/lutmath.c ****   -0.998504, -0.998046, -0.997528, -0.996948, -0.996307, -0.995606, -0.994844, -0.994021, -0.993137
  69:../firmware/lutmath.c ****   -0.991188, -0.990122, -0.988997, -0.987810, -0.986564, -0.985257, -0.983890, -0.982463, -0.980975
  70:../firmware/lutmath.c ****   -0.977821, -0.976155, -0.974429, -0.972643, -0.970798, -0.968893, -0.966930, -0.964907, -0.962826
  71:../firmware/lutmath.c ****   -0.958486, -0.956229, -0.953913, -0.951538, -0.949106, -0.946616, -0.944068, -0.941462, -0.938798
  72:../firmware/lutmath.c ****   -0.933300, -0.930465, -0.927574, -0.924625, -0.921621, -0.918560, -0.915443, -0.912270, -0.909041
  73:../firmware/lutmath.c ****   -0.902417, -0.899022, -0.895573, -0.892068, -0.888510, -0.884897, -0.881230, -0.877509, -0.873734
  74:../firmware/lutmath.c ****   -0.866025, -0.862092, -0.858105, -0.854066, -0.849975, -0.845832, -0.841637, -0.837391, -0.833094
  75:../firmware/lutmath.c ****   -0.824347, -0.819898, -0.815399, -0.810850, -0.806252, -0.801604, -0.796908, -0.792162, -0.787369
  76:../firmware/lutmath.c ****   -0.777638, -0.772700, -0.767716, -0.762685, -0.757608, -0.752484, -0.747314, -0.742098, -0.736837
  77:../firmware/lutmath.c ****   -0.726181, -0.720786, -0.715347, -0.709864, -0.704338, -0.698769, -0.693158, -0.687504, -0.681808
  78:../firmware/lutmath.c ****   -0.670291, -0.664471, -0.658611, -0.652710, -0.646770, -0.640790, -0.634771, -0.628713, -0.622617
  79:../firmware/lutmath.c ****   -0.610310, -0.604101, -0.597855, -0.591572, -0.585253, -0.578899, -0.572509, -0.566084, -0.559625
  80:../firmware/lutmath.c ****   -0.546604, -0.540043, -0.533449, -0.526823, -0.520164, -0.513474, -0.506753, -0.500000, -0.493217
  81:../firmware/lutmath.c ****   -0.479561, -0.472688, -0.465787, -0.458858, -0.451900, -0.444915, -0.437903, -0.430864, -0.423798
  82:../firmware/lutmath.c ****   -0.409590, -0.402449, -0.395282, -0.388092, -0.380878, -0.373640, -0.366380, -0.359097, -0.351793
  83:../firmware/lutmath.c ****   -0.337120, -0.329752, -0.322364, -0.314957, -0.307530, -0.300085, -0.292621, -0.285139, -0.277640
  84:../firmware/lutmath.c ****   -0.262591, -0.255043, -0.247479, -0.239899, -0.232305, -0.224697, -0.217075, -0.209440, -0.201792
  85:../firmware/lutmath.c ****   -0.186460, -0.178777, -0.171082, -0.163377, -0.155663, -0.147938, -0.140205, -0.132463, -0.124713
  86:../firmware/lutmath.c ****   -0.109191, -0.101419, -0.093641, -0.085858, -0.078070, -0.070276, -0.062479, -0.054677, -0.046872
  87:../firmware/lutmath.c ****   -0.031255, -0.023443, -0.015629, -0.007815, -0.000000
  88:../firmware/lutmath.c **** };
  89:../firmware/lutmath.c **** 
  90:../firmware/lutmath.c **** 
  91:../firmware/lutmath.c **** /// Internal sine LUT function, only works for positive arguments < M_TWOPI
  92:../firmware/lutmath.c **** static float internal_sinlut(const float in) __attribute__((const));
  93:../firmware/lutmath.c **** 
  94:../firmware/lutmath.c **** float internal_sinlut(const float in)
  95:../firmware/lutmath.c **** {
  96:../firmware/lutmath.c ****   uint16_t index;
  97:../firmware/lutmath.c ****   index = in / M_TWOPI * 805;
  98:../firmware/lutmath.c ****   return sin_LUT[index];
  99:../firmware/lutmath.c **** }
 100:../firmware/lutmath.c **** 
 101:../firmware/lutmath.c **** float sinlut(float in)
 102:../firmware/lutmath.c **** {
  30              		.loc 1 102 0
  31              		.cfi_startproc
  32              		@ Function supports interworking.
  33              		@ args = 0, pretend = 0, frame = 0
  34              		@ frame_needed = 0, uses_anonymous_args = 0
  35              	.LVL0:
  36 0000 70402DE9 		stmfd	sp!, {r4, r5, r6, lr}
  37              	.LCFI0:
  38              		.cfi_def_cfa_offset 16
  39              		.cfi_offset 4, -16
  40              		.cfi_offset 5, -12
  41              		.cfi_offset 6, -8
  42              		.cfi_offset 14, -4
 103:../firmware/lutmath.c ****   uint8_t neg;
 104:../firmware/lutmath.c ****   float v;
 105:../firmware/lutmath.c **** 
 106:../firmware/lutmath.c ****   // Keeps and removes the sign of the input
 107:../firmware/lutmath.c ****   if (in < 0) {
  43              		.loc 1 107 0
  44 0004 0010A0E3 		mov	r1, #0
 102:../firmware/lutmath.c **** {
  45              		.loc 1 102 0
  46 0008 0040A0E1 		mov	r4, r0
  47              		.loc 1 107 0
  48 000c FEFFFFEB 		bl	__aeabi_fcmplt
  49              	.LVL1:
  50 0010 000050E3 		cmp	r0, #0
  51              	.LVL2:
 108:../firmware/lutmath.c ****     neg = 1;
 109:../firmware/lutmath.c ****     in = -in;
  52              		.loc 1 109 0
  53 0014 02418412 		addne	r4, r4, #-2147483648
  54              	.LVL3:
 108:../firmware/lutmath.c ****     neg = 1;
  55              		.loc 1 108 0
  56 0018 0160A013 		movne	r6, #1
 110:../firmware/lutmath.c ****   } else neg = 0;
  57              		.loc 1 110 0
  58 001c 0060A003 		moveq	r6, #0
  59 0020 020000EA 		b	.L13
  60              	.LVL4:
  61              	.L5:
 111:../firmware/lutmath.c **** 
 112:../firmware/lutmath.c ****   // sin(M_TWOPI * k + x) = sin(x) --> finds x for k = 0
 113:../firmware/lutmath.c ****   while (in >= M_TWOPI)
 114:../firmware/lutmath.c ****     in -= M_TWOPI;
  62              		.loc 1 114 0
  63 0024 FEFFFFEB 		bl	__aeabi_dsub
  64              	.LVL5:
  65 0028 FEFFFFEB 		bl	__aeabi_d2f
  66              	.LVL6:
  67 002c 0040A0E1 		mov	r4, r0
  68              	.L13:
  69              	.LVL7:
 113:../firmware/lutmath.c ****   while (in >= M_TWOPI)
  70              		.loc 1 113 0 discriminator 1
  71 0030 0400A0E1 		mov	r0, r4
  72 0034 FEFFFFEB 		bl	__aeabi_f2d
  73              	.LVL8:
  74 0038 54209FE5 		ldr	r2, .L14
  75 003c 54309FE5 		ldr	r3, .L14+4
  76 0040 0040A0E1 		mov	r4, r0
  77              	.LVL9:
  78 0044 0150A0E1 		mov	r5, r1
  79 0048 FEFFFFEB 		bl	__aeabi_dcmpge
  80              	.LVL10:
  81 004c 000050E3 		cmp	r0, #0
  82              		.loc 1 114 0 discriminator 1
  83 0050 0510A0E1 		mov	r1, r5
  84 0054 0400A0E1 		mov	r0, r4
  85 0058 34209FE5 		ldr	r2, .L14
  86 005c 34309FE5 		ldr	r3, .L14+4
 113:../firmware/lutmath.c ****   while (in >= M_TWOPI)
  87              		.loc 1 113 0 discriminator 1
  88 0060 EFFFFF1A 		bne	.L5
  89              	.LVL11:
  90              	.LBB4:
  91              	.LBB5:
  97:../firmware/lutmath.c ****   index = in / M_TWOPI * 805;
  92              		.loc 1 97 0
  93 0064 FEFFFFEB 		bl	__aeabi_ddiv
  94              	.LVL12:
  95 0068 0020A0E3 		mov	r2, #0
  96 006c 28309FE5 		ldr	r3, .L14+8
  97 0070 FEFFFFEB 		bl	__aeabi_dmul
  98              	.LVL13:
  99 0074 FEFFFFEB 		bl	__aeabi_d2uiz
 100              	.LVL14:
  98:../firmware/lutmath.c ****   return sin_LUT[index];
 101              		.loc 1 98 0
 102 0078 20309FE5 		ldr	r3, .L14+12
 103 007c 0008A0E1 		mov	r0, r0, asl #16
 104 0080 200793E7 		ldr	r0, [r3, r0, lsr #14]	@ float
 105              	.LBE5:
 106              	.LBE4:
 115:../firmware/lutmath.c **** 
 116:../firmware/lutmath.c ****   v = internal_sinlut (in);
 117:../firmware/lutmath.c ****   if (neg) return -v;
 107              		.loc 1 117 0
 108 0084 000056E3 		cmp	r6, #0
 109 0088 02018012 		addne	r0, r0, #-2147483648
 118:../firmware/lutmath.c ****     else return v;
 119:../firmware/lutmath.c **** }
 110              		.loc 1 119 0
 111 008c 7040BDE8 		ldmfd	sp!, {r4, r5, r6, lr}
 112 0090 1EFF2FE1 		bx	lr
 113              	.L15:
 114              		.align	2
 115              	.L14:
 116 0094 182D4454 		.word	1413754136
 117 0098 FB211940 		.word	1075388923
 118 009c 00288940 		.word	1082730496
 119 00a0 00000000 		.word	.LANCHOR0
 120              		.cfi_endproc
 121              	.LFE1:
 123              		.global	__aeabi_dadd
 124              		.align	2
 125              		.global	coslut
 127              	coslut:
 128              	.LFB2:
 120:../firmware/lutmath.c **** 
 121:../firmware/lutmath.c **** float coslut(float in)
 122:../firmware/lutmath.c **** {
 129              		.loc 1 122 0
 130              		.cfi_startproc
 131              		@ Function supports interworking.
 132              		@ args = 0, pretend = 0, frame = 0
 133              		@ frame_needed = 0, uses_anonymous_args = 0
 134              	.LVL15:
 135 00a4 08402DE9 		stmfd	sp!, {r3, lr}
 136              	.LCFI1:
 137              		.cfi_def_cfa_offset 8
 138              		.cfi_offset 3, -8
 139              		.cfi_offset 14, -4
 123:../firmware/lutmath.c ****   return sinlut(in + M_PI_2);
 140              		.loc 1 123 0
 141 00a8 FEFFFFEB 		bl	__aeabi_f2d
 142              	.LVL16:
 143 00ac 10209FE5 		ldr	r2, .L17
 144 00b0 10309FE5 		ldr	r3, .L17+4
 145 00b4 FEFFFFEB 		bl	__aeabi_dadd
 146              	.LVL17:
 147 00b8 FEFFFFEB 		bl	__aeabi_d2f
 148              	.LVL18:
 124:../firmware/lutmath.c **** }
 149              		.loc 1 124 0
 150 00bc 0840BDE8 		ldmfd	sp!, {r3, lr}
 123:../firmware/lutmath.c ****   return sinlut(in + M_PI_2);
 151              		.loc 1 123 0
 152 00c0 FEFFFFEA 		b	sinlut
 153              	.LVL19:
 154              	.L18:
 155              		.align	2
 156              	.L17:
 157 00c4 182D4454 		.word	1413754136
 158 00c8 FB21F93F 		.word	1073291771
 159              		.cfi_endproc
 160              	.LFE2:
 162              		.section	.rodata
 163              		.align	2
 164              		.set	.LANCHOR0,. + 0
 167              	sin_LUT:
 168 0000 00000000 		.word	0
 169 0004 7C0A003C 		.word	1006635644
 170 0008 6308803C 		.word	1015023715
 171 000c 890BC03C 		.word	1019218825
 172 0010 3E05003D 		.word	1023411518
 173 0014 9F02203D 		.word	1025507999
 174 0018 DBFC3F3D 		.word	1027603675
 175 001c FDF45F3D 		.word	1029698813
 176 0020 FBE97F3D 		.word	1031793147
 177 0024 DDEC8F3D 		.word	1032842461
 178 0028 2AE39F3D 		.word	1033888554
 179 002c 52D6AF3D 		.word	1034933842
 180 0030 DAC6BF3D 		.word	1035978458
 181 0034 C4B4CF3D 		.word	1037022404
 182 0038 889FDF3D 		.word	1038065544
 183 003c 1A86EF3D 		.word	1039107610
 184 0040 8869FF3D 		.word	1040148872
 185 0044 61A4073E 		.word	1040688225
 186 0048 E6910F3E 		.word	1041207782
 187 004c 0F7D173E 		.word	1041726735
 188 0050 1F661F3E 		.word	1042245151
 189 0054 4D4C273E 		.word	1042762829
 190 0058 1F302F3E 		.word	1043279903
 191 005c 5111373E 		.word	1043796305
 192 0060 5FEF3E3E 		.word	1044311903
 193 0064 8ACA463E 		.word	1044826762
 194 0068 90A24E3E 		.word	1045340816
 195 006c 7077563E 		.word	1045854064
 196 0070 E9485E3E 		.word	1046366441
 197 0074 F816663E 		.word	1046877944
 198 0078 5DE16D3E 		.word	1047388509
 199 007c 15A8753E 		.word	1047898133
 200 0080 236B7D3E 		.word	1048406819
 201 0084 FF94823E 		.word	1048745215
 202 0088 5472863E 		.word	1048998484
 203 008c B14D8A3E 		.word	1049251249
 204 0090 D5268E3E 		.word	1049503445
 205 0094 BDFD913E 		.word	1049755069
 206 0098 6BD2953E 		.word	1050006123
 207 009c BEA4993E 		.word	1050256574
 208 00a0 92749D3E 		.word	1050506386
 209 00a4 0B42A13E 		.word	1050755595
 210 00a8 E50CA53E 		.word	1051004133
 211 00ac 41D5A83E 		.word	1051252033
 212 00b0 FE9AAC3E 		.word	1051499262
 213 00b4 FB5DB03E 		.word	1051745787
 214 00b8 361EB43E 		.word	1051991606
 215 00bc 90DBB73E 		.word	1052236688
 216 00c0 2996BB3E 		.word	1052481065
 217 00c4 BE4DBF3E 		.word	1052724670
 218 00c8 7102C33E 		.word	1052967537
 219 00cc FFB3C63E 		.word	1053209599
 220 00d0 6762CA3E 		.word	1053450855
 221 00d4 CC0DCE3E 		.word	1053691340
 222 00d8 C8B5D13E 		.word	1053930952
 223 00dc 9F5AD53E 		.word	1054169759
 224 00e0 0DFCD83E 		.word	1054407693
 225 00e4 359ADC3E 		.word	1054644789
 226 00e8 D234E03E 		.word	1054880978
 227 00ec E6CBE33E 		.word	1055116262
 228 00f0 705FE73E 		.word	1055350640
 229 00f4 70EFEA3E 		.word	1055584112
 230 00f8 A27BEE3E 		.word	1055816610
 231 00fc 2904F23E 		.word	1056048169
 232 0100 0589F53E 		.word	1056278789
 233 0104 F209F93E 		.word	1056508402
 234 0108 F086FC3E 		.word	1056737008
 235 010c 0000003F 		.word	1056964608
 236 0110 91BA013F 		.word	1057077905
 237 0114 0873033F 		.word	1057190664
 238 0118 7829053F 		.word	1057302904
 239 011c DFDD063F 		.word	1057414623
 240 0120 1D90083F 		.word	1057525789
 241 0124 42400A3F 		.word	1057636418
 242 0128 3DEE0B3F 		.word	1057746493
 243 012c FE990D3F 		.word	1057855998
 244 0130 96430F3F 		.word	1057964950
 245 0134 E2EA103F 		.word	1058073314
 246 0138 F38F123F 		.word	1058181107
 247 013c BA32143F 		.word	1058288314
 248 0140 24D3153F 		.word	1058394916
 249 0144 4371173F 		.word	1058500931
 250 0148 060D193F 		.word	1058606342
 251 014c 5DA61A3F 		.word	1058711133
 252 0150 473D1C3F 		.word	1058815303
 253 0154 C4D11D3F 		.word	1058918852
 254 0158 D4631F3F 		.word	1059021780
 255 015c 56F3203F 		.word	1059124054
 256 0160 5A80223F 		.word	1059225690
 257 0164 D00A243F 		.word	1059326672
 258 0168 B892253F 		.word	1059427000
 259 016c 0118273F 		.word	1059526657
 260 0170 BB9A283F 		.word	1059625659
 261 0174 C51A2A3F 		.word	1059723973
 262 0178 31982B3F 		.word	1059821617
 263 017c EC122D3F 		.word	1059918572
 264 0180 F88A2E3F 		.word	1060014840
 265 0184 4300303F 		.word	1060110403
 266 0188 CD72313F 		.word	1060205261
 267 018c 86E2323F 		.word	1060299398
 268 0190 7F4F343F 		.word	1060392831
 269 0194 A6B9353F 		.word	1060485542
 270 0198 FB20373F 		.word	1060577531
 271 019c 6E85383F 		.word	1060668782
 272 01a0 FFE6393F 		.word	1060759295
 273 01a4 9E453B3F 		.word	1060849054
 274 01a8 5AA13C3F 		.word	1060938074
 275 01ac 22FA3D3F 		.word	1061026338
 276 01b0 F84F3F3F 		.word	1061113848
 277 01b4 CBA2403F 		.word	1061200587
 278 01b8 99F2413F 		.word	1061286553
 279 01bc 533F433F 		.word	1061371731
 280 01c0 0989443F 		.word	1061456137
 281 01c4 ABCF453F 		.word	1061539755
 282 01c8 4913473F 		.word	1061622601
 283 01cc B153483F 		.word	1061704625
 284 01d0 0491493F 		.word	1061785860
 285 01d4 21CB4A3F 		.word	1061866273
 286 01d8 2A024C3F 		.word	1061945898
 287 01dc EB354D3F 		.word	1062024683
 288 01e0 88664E3F 		.word	1062102664
 289 01e4 DE934F3F 		.word	1062179806
 290 01e8 FDBD503F 		.word	1062256125
 291 01ec D6E4513F 		.word	1062331606
 292 01f0 6808533F 		.word	1062406248
 293 01f4 B328543F 		.word	1062480051
 294 01f8 A645553F 		.word	1062552998
 295 01fc 425F563F 		.word	1062625090
 296 0200 8675573F 		.word	1062696326
 297 0204 7288583F 		.word	1062766706
 298 0208 F697593F 		.word	1062836214
 299 020c 12A45A3F 		.word	1062904850
 300 0210 C5AC5B3F 		.word	1062972613
 301 0214 10B25C3F 		.word	1063039504
 302 0218 D0B35D3F 		.word	1063105488
 303 021c 29B25E3F 		.word	1063170601
 304 0220 08AD5F3F 		.word	1063234824
 305 0224 6EA4603F 		.word	1063298158
 306 0228 4A98613F 		.word	1063360586
 307 022c 9C88623F 		.word	1063422108
 308 0230 6475633F 		.word	1063482724
 309 0234 925E643F 		.word	1063542418
 310 0238 4644653F 		.word	1063601222
 311 023c 4E26663F 		.word	1063659086
 312 0240 CD04673F 		.word	1063716045
 313 0244 B1DF673F 		.word	1063772081
 314 0248 E9B6683F 		.word	1063827177
 315 024c 878A693F 		.word	1063881351
 316 0250 795A6A3F 		.word	1063934585
 317 0254 C0266B3F 		.word	1063986880
 318 0258 5BEF6B3F 		.word	1064038235
 319 025c 39B46C3F 		.word	1064088633
 320 0260 7D756D3F 		.word	1064138109
 321 0264 F4326E3F 		.word	1064186612
 322 0268 C0EC6E3F 		.word	1064234176
 323 026c CFA26F3F 		.word	1064280783
 324 0270 1155703F 		.word	1064326417
 325 0274 A703713F 		.word	1064371111
 326 0278 71AE713F 		.word	1064414833
 327 027c 6D55723F 		.word	1064457581
 328 0280 9CF8723F 		.word	1064499356
 329 0284 FF97733F 		.word	1064540159
 330 0288 A433743F 		.word	1064580004
 331 028c 6CCB743F 		.word	1064618860
 332 0290 575F753F 		.word	1064656727
 333 0294 74EF753F 		.word	1064693620
 334 0298 C47B763F 		.word	1064729540
 335 029c 2504773F 		.word	1064764453
 336 02a0 B988773F 		.word	1064798393
 337 02a4 5F09783F 		.word	1064831327
 338 02a8 3886783F 		.word	1064863288
 339 02ac 22FF783F 		.word	1064894242
 340 02b0 2E74793F 		.word	1064924206
 341 02b4 4BE5793F 		.word	1064953163
 342 02b8 7A527A3F 		.word	1064981114
 343 02bc CBBB7A3F 		.word	1065008075
 344 02c0 2D217B3F 		.word	1065034029
 345 02c4 B2827B3F 		.word	1065058994
 346 02c8 37E07B3F 		.word	1065082935
 347 02cc CE397C3F 		.word	1065105870
 348 02d0 758F7C3F 		.word	1065127797
 349 02d4 1EE17C3F 		.word	1065148702
 350 02d8 E82E7D3F 		.word	1065168616
 351 02dc A3787D3F 		.word	1065187491
 352 02e0 7FBE7D3F 		.word	1065205375
 353 02e4 5C007E3F 		.word	1065222236
 354 02e8 3A3E7E3F 		.word	1065238074
 355 02ec 29787E3F 		.word	1065252905
 356 02f0 19AE7E3F 		.word	1065266713
 357 02f4 09E07E3F 		.word	1065279497
 358 02f8 FA0D7F3F 		.word	1065291258
 359 02fc FC377F3F 		.word	1065302012
 360 0300 FF5D7F3F 		.word	1065311743
 361 0304 F17F7F3F 		.word	1065320433
 362 0308 F59D7F3F 		.word	1065328117
 363 030c FAB77F3F 		.word	1065334778
 364 0310 FFCD7F3F 		.word	1065340415
 365 0314 F4DF7F3F 		.word	1065345012
 366 0318 FAED7F3F 		.word	1065348602
 367 031c 01F87F3F 		.word	1065351169
 368 0320 F8FD7F3F 		.word	1065352696
 369 0324 0000803F 		.word	1065353216
 370 0328 F8FD7F3F 		.word	1065352696
 371 032c 01F87F3F 		.word	1065351169
 372 0330 FAED7F3F 		.word	1065348602
 373 0334 F4DF7F3F 		.word	1065345012
 374 0338 FFCD7F3F 		.word	1065340415
 375 033c FAB77F3F 		.word	1065334778
 376 0340 F59D7F3F 		.word	1065328117
 377 0344 F17F7F3F 		.word	1065320433
 378 0348 FF5D7F3F 		.word	1065311743
 379 034c FC377F3F 		.word	1065302012
 380 0350 FA0D7F3F 		.word	1065291258
 381 0354 09E07E3F 		.word	1065279497
 382 0358 19AE7E3F 		.word	1065266713
 383 035c 29787E3F 		.word	1065252905
 384 0360 3A3E7E3F 		.word	1065238074
 385 0364 5C007E3F 		.word	1065222236
 386 0368 7FBE7D3F 		.word	1065205375
 387 036c A3787D3F 		.word	1065187491
 388 0370 E82E7D3F 		.word	1065168616
 389 0374 1EE17C3F 		.word	1065148702
 390 0378 758F7C3F 		.word	1065127797
 391 037c CE397C3F 		.word	1065105870
 392 0380 37E07B3F 		.word	1065082935
 393 0384 B2827B3F 		.word	1065058994
 394 0388 2D217B3F 		.word	1065034029
 395 038c CBBB7A3F 		.word	1065008075
 396 0390 7A527A3F 		.word	1064981114
 397 0394 4BE5793F 		.word	1064953163
 398 0398 2E74793F 		.word	1064924206
 399 039c 22FF783F 		.word	1064894242
 400 03a0 3886783F 		.word	1064863288
 401 03a4 5F09783F 		.word	1064831327
 402 03a8 B988773F 		.word	1064798393
 403 03ac 2504773F 		.word	1064764453
 404 03b0 C47B763F 		.word	1064729540
 405 03b4 74EF753F 		.word	1064693620
 406 03b8 575F753F 		.word	1064656727
 407 03bc 6CCB743F 		.word	1064618860
 408 03c0 A433743F 		.word	1064580004
 409 03c4 FF97733F 		.word	1064540159
 410 03c8 9CF8723F 		.word	1064499356
 411 03cc 6D55723F 		.word	1064457581
 412 03d0 71AE713F 		.word	1064414833
 413 03d4 A703713F 		.word	1064371111
 414 03d8 1155703F 		.word	1064326417
 415 03dc CFA26F3F 		.word	1064280783
 416 03e0 C0EC6E3F 		.word	1064234176
 417 03e4 F4326E3F 		.word	1064186612
 418 03e8 7D756D3F 		.word	1064138109
 419 03ec 39B46C3F 		.word	1064088633
 420 03f0 5BEF6B3F 		.word	1064038235
 421 03f4 C0266B3F 		.word	1063986880
 422 03f8 795A6A3F 		.word	1063934585
 423 03fc 878A693F 		.word	1063881351
 424 0400 E9B6683F 		.word	1063827177
 425 0404 B1DF673F 		.word	1063772081
 426 0408 CD04673F 		.word	1063716045
 427 040c 4E26663F 		.word	1063659086
 428 0410 4644653F 		.word	1063601222
 429 0414 925E643F 		.word	1063542418
 430 0418 6475633F 		.word	1063482724
 431 041c 9C88623F 		.word	1063422108
 432 0420 4A98613F 		.word	1063360586
 433 0424 6EA4603F 		.word	1063298158
 434 0428 08AD5F3F 		.word	1063234824
 435 042c 29B25E3F 		.word	1063170601
 436 0430 D0B35D3F 		.word	1063105488
 437 0434 10B25C3F 		.word	1063039504
 438 0438 C5AC5B3F 		.word	1062972613
 439 043c 12A45A3F 		.word	1062904850
 440 0440 F697593F 		.word	1062836214
 441 0444 7288583F 		.word	1062766706
 442 0448 8675573F 		.word	1062696326
 443 044c 425F563F 		.word	1062625090
 444 0450 A645553F 		.word	1062552998
 445 0454 B328543F 		.word	1062480051
 446 0458 6808533F 		.word	1062406248
 447 045c D6E4513F 		.word	1062331606
 448 0460 FDBD503F 		.word	1062256125
 449 0464 DE934F3F 		.word	1062179806
 450 0468 88664E3F 		.word	1062102664
 451 046c EB354D3F 		.word	1062024683
 452 0470 2A024C3F 		.word	1061945898
 453 0474 21CB4A3F 		.word	1061866273
 454 0478 0491493F 		.word	1061785860
 455 047c B153483F 		.word	1061704625
 456 0480 4913473F 		.word	1061622601
 457 0484 ABCF453F 		.word	1061539755
 458 0488 0989443F 		.word	1061456137
 459 048c 533F433F 		.word	1061371731
 460 0490 99F2413F 		.word	1061286553
 461 0494 CBA2403F 		.word	1061200587
 462 0498 F84F3F3F 		.word	1061113848
 463 049c 22FA3D3F 		.word	1061026338
 464 04a0 5AA13C3F 		.word	1060938074
 465 04a4 9E453B3F 		.word	1060849054
 466 04a8 FFE6393F 		.word	1060759295
 467 04ac 6E85383F 		.word	1060668782
 468 04b0 FB20373F 		.word	1060577531
 469 04b4 A6B9353F 		.word	1060485542
 470 04b8 7F4F343F 		.word	1060392831
 471 04bc 86E2323F 		.word	1060299398
 472 04c0 CD72313F 		.word	1060205261
 473 04c4 4300303F 		.word	1060110403
 474 04c8 F88A2E3F 		.word	1060014840
 475 04cc EC122D3F 		.word	1059918572
 476 04d0 31982B3F 		.word	1059821617
 477 04d4 C51A2A3F 		.word	1059723973
 478 04d8 BB9A283F 		.word	1059625659
 479 04dc 0118273F 		.word	1059526657
 480 04e0 B892253F 		.word	1059427000
 481 04e4 D00A243F 		.word	1059326672
 482 04e8 5A80223F 		.word	1059225690
 483 04ec 56F3203F 		.word	1059124054
 484 04f0 D4631F3F 		.word	1059021780
 485 04f4 C4D11D3F 		.word	1058918852
 486 04f8 473D1C3F 		.word	1058815303
 487 04fc 5DA61A3F 		.word	1058711133
 488 0500 060D193F 		.word	1058606342
 489 0504 4371173F 		.word	1058500931
 490 0508 24D3153F 		.word	1058394916
 491 050c BA32143F 		.word	1058288314
 492 0510 F38F123F 		.word	1058181107
 493 0514 E2EA103F 		.word	1058073314
 494 0518 96430F3F 		.word	1057964950
 495 051c FE990D3F 		.word	1057855998
 496 0520 3DEE0B3F 		.word	1057746493
 497 0524 42400A3F 		.word	1057636418
 498 0528 1D90083F 		.word	1057525789
 499 052c DFDD063F 		.word	1057414623
 500 0530 7829053F 		.word	1057302904
 501 0534 0873033F 		.word	1057190664
 502 0538 91BA013F 		.word	1057077905
 503 053c 0000003F 		.word	1056964608
 504 0540 F086FC3E 		.word	1056737008
 505 0544 F209F93E 		.word	1056508402
 506 0548 0589F53E 		.word	1056278789
 507 054c 2904F23E 		.word	1056048169
 508 0550 A27BEE3E 		.word	1055816610
 509 0554 70EFEA3E 		.word	1055584112
 510 0558 705FE73E 		.word	1055350640
 511 055c E6CBE33E 		.word	1055116262
 512 0560 D234E03E 		.word	1054880978
 513 0564 359ADC3E 		.word	1054644789
 514 0568 0DFCD83E 		.word	1054407693
 515 056c 9F5AD53E 		.word	1054169759
 516 0570 C8B5D13E 		.word	1053930952
 517 0574 CC0DCE3E 		.word	1053691340
 518 0578 6762CA3E 		.word	1053450855
 519 057c FFB3C63E 		.word	1053209599
 520 0580 7102C33E 		.word	1052967537
 521 0584 BE4DBF3E 		.word	1052724670
 522 0588 2996BB3E 		.word	1052481065
 523 058c 90DBB73E 		.word	1052236688
 524 0590 361EB43E 		.word	1051991606
 525 0594 FB5DB03E 		.word	1051745787
 526 0598 FE9AAC3E 		.word	1051499262
 527 059c 41D5A83E 		.word	1051252033
 528 05a0 E50CA53E 		.word	1051004133
 529 05a4 0B42A13E 		.word	1050755595
 530 05a8 92749D3E 		.word	1050506386
 531 05ac BEA4993E 		.word	1050256574
 532 05b0 6BD2953E 		.word	1050006123
 533 05b4 BDFD913E 		.word	1049755069
 534 05b8 D5268E3E 		.word	1049503445
 535 05bc B14D8A3E 		.word	1049251249
 536 05c0 5472863E 		.word	1048998484
 537 05c4 FF94823E 		.word	1048745215
 538 05c8 236B7D3E 		.word	1048406819
 539 05cc 15A8753E 		.word	1047898133
 540 05d0 5DE16D3E 		.word	1047388509
 541 05d4 F816663E 		.word	1046877944
 542 05d8 E9485E3E 		.word	1046366441
 543 05dc 7077563E 		.word	1045854064
 544 05e0 90A24E3E 		.word	1045340816
 545 05e4 8ACA463E 		.word	1044826762
 546 05e8 5FEF3E3E 		.word	1044311903
 547 05ec 5111373E 		.word	1043796305
 548 05f0 1F302F3E 		.word	1043279903
 549 05f4 4D4C273E 		.word	1042762829
 550 05f8 1F661F3E 		.word	1042245151
 551 05fc 0F7D173E 		.word	1041726735
 552 0600 E6910F3E 		.word	1041207782
 553 0604 61A4073E 		.word	1040688225
 554 0608 8869FF3D 		.word	1040148872
 555 060c 1A86EF3D 		.word	1039107610
 556 0610 889FDF3D 		.word	1038065544
 557 0614 C4B4CF3D 		.word	1037022404
 558 0618 DAC6BF3D 		.word	1035978458
 559 061c 52D6AF3D 		.word	1034933842
 560 0620 2AE39F3D 		.word	1033888554
 561 0624 DDEC8F3D 		.word	1032842461
 562 0628 FBE97F3D 		.word	1031793147
 563 062c FDF45F3D 		.word	1029698813
 564 0630 DBFC3F3D 		.word	1027603675
 565 0634 9F02203D 		.word	1025507999
 566 0638 3E05003D 		.word	1023411518
 567 063c 890BC03C 		.word	1019218825
 568 0640 6308803C 		.word	1015023715
 569 0644 7C0A003C 		.word	1006635644
 570 0648 00000000 		.word	0
 571 064c 7C0A00BC 		.word	-1140848004
 572 0650 630880BC 		.word	-1132459933
 573 0654 890BC0BC 		.word	-1128264823
 574 0658 3E0500BD 		.word	-1124072130
 575 065c 9F0220BD 		.word	-1121975649
 576 0660 DBFC3FBD 		.word	-1119879973
 577 0664 FDF45FBD 		.word	-1117784835
 578 0668 FBE97FBD 		.word	-1115690501
 579 066c DDEC8FBD 		.word	-1114641187
 580 0670 2AE39FBD 		.word	-1113595094
 581 0674 52D6AFBD 		.word	-1112549806
 582 0678 DAC6BFBD 		.word	-1111505190
 583 067c C4B4CFBD 		.word	-1110461244
 584 0680 889FDFBD 		.word	-1109418104
 585 0684 1A86EFBD 		.word	-1108376038
 586 0688 8869FFBD 		.word	-1107334776
 587 068c 61A407BE 		.word	-1106795423
 588 0690 E6910FBE 		.word	-1106275866
 589 0694 0F7D17BE 		.word	-1105756913
 590 0698 1F661FBE 		.word	-1105238497
 591 069c 4D4C27BE 		.word	-1104720819
 592 06a0 1F302FBE 		.word	-1104203745
 593 06a4 511137BE 		.word	-1103687343
 594 06a8 5FEF3EBE 		.word	-1103171745
 595 06ac 8ACA46BE 		.word	-1102656886
 596 06b0 90A24EBE 		.word	-1102142832
 597 06b4 707756BE 		.word	-1101629584
 598 06b8 E9485EBE 		.word	-1101117207
 599 06bc F81666BE 		.word	-1100605704
 600 06c0 5DE16DBE 		.word	-1100095139
 601 06c4 15A875BE 		.word	-1099585515
 602 06c8 236B7DBE 		.word	-1099076829
 603 06cc FF9482BE 		.word	-1098738433
 604 06d0 547286BE 		.word	-1098485164
 605 06d4 B14D8ABE 		.word	-1098232399
 606 06d8 D5268EBE 		.word	-1097980203
 607 06dc BDFD91BE 		.word	-1097728579
 608 06e0 6BD295BE 		.word	-1097477525
 609 06e4 BEA499BE 		.word	-1097227074
 610 06e8 92749DBE 		.word	-1096977262
 611 06ec 0B42A1BE 		.word	-1096728053
 612 06f0 E50CA5BE 		.word	-1096479515
 613 06f4 41D5A8BE 		.word	-1096231615
 614 06f8 FE9AACBE 		.word	-1095984386
 615 06fc FB5DB0BE 		.word	-1095737861
 616 0700 361EB4BE 		.word	-1095492042
 617 0704 90DBB7BE 		.word	-1095246960
 618 0708 2996BBBE 		.word	-1095002583
 619 070c BE4DBFBE 		.word	-1094758978
 620 0710 7102C3BE 		.word	-1094516111
 621 0714 FFB3C6BE 		.word	-1094274049
 622 0718 6762CABE 		.word	-1094032793
 623 071c CC0DCEBE 		.word	-1093792308
 624 0720 C8B5D1BE 		.word	-1093552696
 625 0724 9F5AD5BE 		.word	-1093313889
 626 0728 0DFCD8BE 		.word	-1093075955
 627 072c 359ADCBE 		.word	-1092838859
 628 0730 D234E0BE 		.word	-1092602670
 629 0734 E6CBE3BE 		.word	-1092367386
 630 0738 705FE7BE 		.word	-1092133008
 631 073c 70EFEABE 		.word	-1091899536
 632 0740 A27BEEBE 		.word	-1091667038
 633 0744 2904F2BE 		.word	-1091435479
 634 0748 0589F5BE 		.word	-1091204859
 635 074c F209F9BE 		.word	-1090975246
 636 0750 F086FCBE 		.word	-1090746640
 637 0754 000000BF 		.word	-1090519040
 638 0758 91BA01BF 		.word	-1090405743
 639 075c 087303BF 		.word	-1090292984
 640 0760 782905BF 		.word	-1090180744
 641 0764 DFDD06BF 		.word	-1090069025
 642 0768 1D9008BF 		.word	-1089957859
 643 076c 42400ABF 		.word	-1089847230
 644 0770 3DEE0BBF 		.word	-1089737155
 645 0774 FE990DBF 		.word	-1089627650
 646 0778 96430FBF 		.word	-1089518698
 647 077c E2EA10BF 		.word	-1089410334
 648 0780 F38F12BF 		.word	-1089302541
 649 0784 BA3214BF 		.word	-1089195334
 650 0788 24D315BF 		.word	-1089088732
 651 078c 437117BF 		.word	-1088982717
 652 0790 060D19BF 		.word	-1088877306
 653 0794 5DA61ABF 		.word	-1088772515
 654 0798 473D1CBF 		.word	-1088668345
 655 079c C4D11DBF 		.word	-1088564796
 656 07a0 D4631FBF 		.word	-1088461868
 657 07a4 56F320BF 		.word	-1088359594
 658 07a8 5A8022BF 		.word	-1088257958
 659 07ac D00A24BF 		.word	-1088156976
 660 07b0 B89225BF 		.word	-1088056648
 661 07b4 011827BF 		.word	-1087956991
 662 07b8 BB9A28BF 		.word	-1087857989
 663 07bc C51A2ABF 		.word	-1087759675
 664 07c0 31982BBF 		.word	-1087662031
 665 07c4 EC122DBF 		.word	-1087565076
 666 07c8 F88A2EBF 		.word	-1087468808
 667 07cc 430030BF 		.word	-1087373245
 668 07d0 CD7231BF 		.word	-1087278387
 669 07d4 86E232BF 		.word	-1087184250
 670 07d8 7F4F34BF 		.word	-1087090817
 671 07dc A6B935BF 		.word	-1086998106
 672 07e0 FB2037BF 		.word	-1086906117
 673 07e4 6E8538BF 		.word	-1086814866
 674 07e8 FFE639BF 		.word	-1086724353
 675 07ec 9E453BBF 		.word	-1086634594
 676 07f0 5AA13CBF 		.word	-1086545574
 677 07f4 22FA3DBF 		.word	-1086457310
 678 07f8 F84F3FBF 		.word	-1086369800
 679 07fc CBA240BF 		.word	-1086283061
 680 0800 99F241BF 		.word	-1086197095
 681 0804 533F43BF 		.word	-1086111917
 682 0808 098944BF 		.word	-1086027511
 683 080c ABCF45BF 		.word	-1085943893
 684 0810 491347BF 		.word	-1085861047
 685 0814 B15348BF 		.word	-1085779023
 686 0818 049149BF 		.word	-1085697788
 687 081c 21CB4ABF 		.word	-1085617375
 688 0820 2A024CBF 		.word	-1085537750
 689 0824 EB354DBF 		.word	-1085458965
 690 0828 88664EBF 		.word	-1085380984
 691 082c DE934FBF 		.word	-1085303842
 692 0830 FDBD50BF 		.word	-1085227523
 693 0834 D6E451BF 		.word	-1085152042
 694 0838 680853BF 		.word	-1085077400
 695 083c B32854BF 		.word	-1085003597
 696 0840 A64555BF 		.word	-1084930650
 697 0844 425F56BF 		.word	-1084858558
 698 0848 867557BF 		.word	-1084787322
 699 084c 728858BF 		.word	-1084716942
 700 0850 F69759BF 		.word	-1084647434
 701 0854 12A45ABF 		.word	-1084578798
 702 0858 C5AC5BBF 		.word	-1084511035
 703 085c 10B25CBF 		.word	-1084444144
 704 0860 D0B35DBF 		.word	-1084378160
 705 0864 29B25EBF 		.word	-1084313047
 706 0868 08AD5FBF 		.word	-1084248824
 707 086c 6EA460BF 		.word	-1084185490
 708 0870 4A9861BF 		.word	-1084123062
 709 0874 9C8862BF 		.word	-1084061540
 710 0878 647563BF 		.word	-1084000924
 711 087c 925E64BF 		.word	-1083941230
 712 0880 464465BF 		.word	-1083882426
 713 0884 4E2666BF 		.word	-1083824562
 714 0888 CD0467BF 		.word	-1083767603
 715 088c B1DF67BF 		.word	-1083711567
 716 0890 E9B668BF 		.word	-1083656471
 717 0894 878A69BF 		.word	-1083602297
 718 0898 795A6ABF 		.word	-1083549063
 719 089c C0266BBF 		.word	-1083496768
 720 08a0 5BEF6BBF 		.word	-1083445413
 721 08a4 39B46CBF 		.word	-1083395015
 722 08a8 7D756DBF 		.word	-1083345539
 723 08ac F4326EBF 		.word	-1083297036
 724 08b0 C0EC6EBF 		.word	-1083249472
 725 08b4 CFA26FBF 		.word	-1083202865
 726 08b8 115570BF 		.word	-1083157231
 727 08bc A70371BF 		.word	-1083112537
 728 08c0 71AE71BF 		.word	-1083068815
 729 08c4 6D5572BF 		.word	-1083026067
 730 08c8 9CF872BF 		.word	-1082984292
 731 08cc FF9773BF 		.word	-1082943489
 732 08d0 A43374BF 		.word	-1082903644
 733 08d4 6CCB74BF 		.word	-1082864788
 734 08d8 575F75BF 		.word	-1082826921
 735 08dc 74EF75BF 		.word	-1082790028
 736 08e0 C47B76BF 		.word	-1082754108
 737 08e4 250477BF 		.word	-1082719195
 738 08e8 B98877BF 		.word	-1082685255
 739 08ec 5F0978BF 		.word	-1082652321
 740 08f0 388678BF 		.word	-1082620360
 741 08f4 22FF78BF 		.word	-1082589406
 742 08f8 2E7479BF 		.word	-1082559442
 743 08fc 4BE579BF 		.word	-1082530485
 744 0900 7A527ABF 		.word	-1082502534
 745 0904 CBBB7ABF 		.word	-1082475573
 746 0908 2D217BBF 		.word	-1082449619
 747 090c B2827BBF 		.word	-1082424654
 748 0910 37E07BBF 		.word	-1082400713
 749 0914 CE397CBF 		.word	-1082377778
 750 0918 758F7CBF 		.word	-1082355851
 751 091c 1EE17CBF 		.word	-1082334946
 752 0920 E82E7DBF 		.word	-1082315032
 753 0924 A3787DBF 		.word	-1082296157
 754 0928 7FBE7DBF 		.word	-1082278273
 755 092c 5C007EBF 		.word	-1082261412
 756 0930 3A3E7EBF 		.word	-1082245574
 757 0934 29787EBF 		.word	-1082230743
 758 0938 19AE7EBF 		.word	-1082216935
 759 093c 09E07EBF 		.word	-1082204151
 760 0940 FA0D7FBF 		.word	-1082192390
 761 0944 FC377FBF 		.word	-1082181636
 762 0948 FF5D7FBF 		.word	-1082171905
 763 094c F17F7FBF 		.word	-1082163215
 764 0950 F59D7FBF 		.word	-1082155531
 765 0954 FAB77FBF 		.word	-1082148870
 766 0958 FFCD7FBF 		.word	-1082143233
 767 095c F4DF7FBF 		.word	-1082138636
 768 0960 FAED7FBF 		.word	-1082135046
 769 0964 01F87FBF 		.word	-1082132479
 770 0968 F8FD7FBF 		.word	-1082130952
 771 096c 000080BF 		.word	-1082130432
 772 0970 F8FD7FBF 		.word	-1082130952
 773 0974 01F87FBF 		.word	-1082132479
 774 0978 FAED7FBF 		.word	-1082135046
 775 097c F4DF7FBF 		.word	-1082138636
 776 0980 FFCD7FBF 		.word	-1082143233
 777 0984 FAB77FBF 		.word	-1082148870
 778 0988 F59D7FBF 		.word	-1082155531
 779 098c F17F7FBF 		.word	-1082163215
 780 0990 FF5D7FBF 		.word	-1082171905
 781 0994 FC377FBF 		.word	-1082181636
 782 0998 FA0D7FBF 		.word	-1082192390
 783 099c 09E07EBF 		.word	-1082204151
 784 09a0 19AE7EBF 		.word	-1082216935
 785 09a4 29787EBF 		.word	-1082230743
 786 09a8 3A3E7EBF 		.word	-1082245574
 787 09ac 5C007EBF 		.word	-1082261412
 788 09b0 7FBE7DBF 		.word	-1082278273
 789 09b4 A3787DBF 		.word	-1082296157
 790 09b8 E82E7DBF 		.word	-1082315032
 791 09bc 1EE17CBF 		.word	-1082334946
 792 09c0 758F7CBF 		.word	-1082355851
 793 09c4 CE397CBF 		.word	-1082377778
 794 09c8 37E07BBF 		.word	-1082400713
 795 09cc B2827BBF 		.word	-1082424654
 796 09d0 2D217BBF 		.word	-1082449619
 797 09d4 CBBB7ABF 		.word	-1082475573
 798 09d8 7A527ABF 		.word	-1082502534
 799 09dc 4BE579BF 		.word	-1082530485
 800 09e0 2E7479BF 		.word	-1082559442
 801 09e4 22FF78BF 		.word	-1082589406
 802 09e8 388678BF 		.word	-1082620360
 803 09ec 5F0978BF 		.word	-1082652321
 804 09f0 B98877BF 		.word	-1082685255
 805 09f4 250477BF 		.word	-1082719195
 806 09f8 C47B76BF 		.word	-1082754108
 807 09fc 74EF75BF 		.word	-1082790028
 808 0a00 575F75BF 		.word	-1082826921
 809 0a04 6CCB74BF 		.word	-1082864788
 810 0a08 A43374BF 		.word	-1082903644
 811 0a0c FF9773BF 		.word	-1082943489
 812 0a10 9CF872BF 		.word	-1082984292
 813 0a14 6D5572BF 		.word	-1083026067
 814 0a18 71AE71BF 		.word	-1083068815
 815 0a1c A70371BF 		.word	-1083112537
 816 0a20 115570BF 		.word	-1083157231
 817 0a24 CFA26FBF 		.word	-1083202865
 818 0a28 C0EC6EBF 		.word	-1083249472
 819 0a2c F4326EBF 		.word	-1083297036
 820 0a30 7D756DBF 		.word	-1083345539
 821 0a34 39B46CBF 		.word	-1083395015
 822 0a38 5BEF6BBF 		.word	-1083445413
 823 0a3c C0266BBF 		.word	-1083496768
 824 0a40 795A6ABF 		.word	-1083549063
 825 0a44 878A69BF 		.word	-1083602297
 826 0a48 E9B668BF 		.word	-1083656471
 827 0a4c B1DF67BF 		.word	-1083711567
 828 0a50 CD0467BF 		.word	-1083767603
 829 0a54 4E2666BF 		.word	-1083824562
 830 0a58 464465BF 		.word	-1083882426
 831 0a5c 925E64BF 		.word	-1083941230
 832 0a60 647563BF 		.word	-1084000924
 833 0a64 9C8862BF 		.word	-1084061540
 834 0a68 4A9861BF 		.word	-1084123062
 835 0a6c 6EA460BF 		.word	-1084185490
 836 0a70 08AD5FBF 		.word	-1084248824
 837 0a74 29B25EBF 		.word	-1084313047
 838 0a78 D0B35DBF 		.word	-1084378160
 839 0a7c 10B25CBF 		.word	-1084444144
 840 0a80 C5AC5BBF 		.word	-1084511035
 841 0a84 12A45ABF 		.word	-1084578798
 842 0a88 F69759BF 		.word	-1084647434
 843 0a8c 728858BF 		.word	-1084716942
 844 0a90 867557BF 		.word	-1084787322
 845 0a94 425F56BF 		.word	-1084858558
 846 0a98 A64555BF 		.word	-1084930650
 847 0a9c B32854BF 		.word	-1085003597
 848 0aa0 680853BF 		.word	-1085077400
 849 0aa4 D6E451BF 		.word	-1085152042
 850 0aa8 FDBD50BF 		.word	-1085227523
 851 0aac DE934FBF 		.word	-1085303842
 852 0ab0 88664EBF 		.word	-1085380984
 853 0ab4 EB354DBF 		.word	-1085458965
 854 0ab8 2A024CBF 		.word	-1085537750
 855 0abc 21CB4ABF 		.word	-1085617375
 856 0ac0 049149BF 		.word	-1085697788
 857 0ac4 B15348BF 		.word	-1085779023
 858 0ac8 491347BF 		.word	-1085861047
 859 0acc ABCF45BF 		.word	-1085943893
 860 0ad0 098944BF 		.word	-1086027511
 861 0ad4 533F43BF 		.word	-1086111917
 862 0ad8 99F241BF 		.word	-1086197095
 863 0adc CBA240BF 		.word	-1086283061
 864 0ae0 F84F3FBF 		.word	-1086369800
 865 0ae4 22FA3DBF 		.word	-1086457310
 866 0ae8 5AA13CBF 		.word	-1086545574
 867 0aec 9E453BBF 		.word	-1086634594
 868 0af0 FFE639BF 		.word	-1086724353
 869 0af4 6E8538BF 		.word	-1086814866
 870 0af8 FB2037BF 		.word	-1086906117
 871 0afc A6B935BF 		.word	-1086998106
 872 0b00 7F4F34BF 		.word	-1087090817
 873 0b04 86E232BF 		.word	-1087184250
 874 0b08 CD7231BF 		.word	-1087278387
 875 0b0c 430030BF 		.word	-1087373245
 876 0b10 F88A2EBF 		.word	-1087468808
 877 0b14 EC122DBF 		.word	-1087565076
 878 0b18 31982BBF 		.word	-1087662031
 879 0b1c C51A2ABF 		.word	-1087759675
 880 0b20 BB9A28BF 		.word	-1087857989
 881 0b24 011827BF 		.word	-1087956991
 882 0b28 B89225BF 		.word	-1088056648
 883 0b2c D00A24BF 		.word	-1088156976
 884 0b30 5A8022BF 		.word	-1088257958
 885 0b34 56F320BF 		.word	-1088359594
 886 0b38 D4631FBF 		.word	-1088461868
 887 0b3c C4D11DBF 		.word	-1088564796
 888 0b40 473D1CBF 		.word	-1088668345
 889 0b44 5DA61ABF 		.word	-1088772515
 890 0b48 060D19BF 		.word	-1088877306
 891 0b4c 437117BF 		.word	-1088982717
 892 0b50 24D315BF 		.word	-1089088732
 893 0b54 BA3214BF 		.word	-1089195334
 894 0b58 F38F12BF 		.word	-1089302541
 895 0b5c E2EA10BF 		.word	-1089410334
 896 0b60 96430FBF 		.word	-1089518698
 897 0b64 FE990DBF 		.word	-1089627650
 898 0b68 3DEE0BBF 		.word	-1089737155
 899 0b6c 42400ABF 		.word	-1089847230
 900 0b70 1D9008BF 		.word	-1089957859
 901 0b74 DFDD06BF 		.word	-1090069025
 902 0b78 782905BF 		.word	-1090180744
 903 0b7c 087303BF 		.word	-1090292984
 904 0b80 91BA01BF 		.word	-1090405743
 905 0b84 000000BF 		.word	-1090519040
 906 0b88 F086FCBE 		.word	-1090746640
 907 0b8c F209F9BE 		.word	-1090975246
 908 0b90 0589F5BE 		.word	-1091204859
 909 0b94 2904F2BE 		.word	-1091435479
 910 0b98 A27BEEBE 		.word	-1091667038
 911 0b9c 70EFEABE 		.word	-1091899536
 912 0ba0 705FE7BE 		.word	-1092133008
 913 0ba4 E6CBE3BE 		.word	-1092367386
 914 0ba8 D234E0BE 		.word	-1092602670
 915 0bac 359ADCBE 		.word	-1092838859
 916 0bb0 0DFCD8BE 		.word	-1093075955
 917 0bb4 9F5AD5BE 		.word	-1093313889
 918 0bb8 C8B5D1BE 		.word	-1093552696
 919 0bbc CC0DCEBE 		.word	-1093792308
 920 0bc0 6762CABE 		.word	-1094032793
 921 0bc4 FFB3C6BE 		.word	-1094274049
 922 0bc8 7102C3BE 		.word	-1094516111
 923 0bcc BE4DBFBE 		.word	-1094758978
 924 0bd0 2996BBBE 		.word	-1095002583
 925 0bd4 90DBB7BE 		.word	-1095246960
 926 0bd8 361EB4BE 		.word	-1095492042
 927 0bdc FB5DB0BE 		.word	-1095737861
 928 0be0 FE9AACBE 		.word	-1095984386
 929 0be4 41D5A8BE 		.word	-1096231615
 930 0be8 E50CA5BE 		.word	-1096479515
 931 0bec 0B42A1BE 		.word	-1096728053
 932 0bf0 92749DBE 		.word	-1096977262
 933 0bf4 BEA499BE 		.word	-1097227074
 934 0bf8 6BD295BE 		.word	-1097477525
 935 0bfc BDFD91BE 		.word	-1097728579
 936 0c00 D5268EBE 		.word	-1097980203
 937 0c04 B14D8ABE 		.word	-1098232399
 938 0c08 547286BE 		.word	-1098485164
 939 0c0c FF9482BE 		.word	-1098738433
 940 0c10 236B7DBE 		.word	-1099076829
 941 0c14 15A875BE 		.word	-1099585515
 942 0c18 5DE16DBE 		.word	-1100095139
 943 0c1c F81666BE 		.word	-1100605704
 944 0c20 E9485EBE 		.word	-1101117207
 945 0c24 707756BE 		.word	-1101629584
 946 0c28 90A24EBE 		.word	-1102142832
 947 0c2c 8ACA46BE 		.word	-1102656886
 948 0c30 5FEF3EBE 		.word	-1103171745
 949 0c34 511137BE 		.word	-1103687343
 950 0c38 1F302FBE 		.word	-1104203745
 951 0c3c 4D4C27BE 		.word	-1104720819
 952 0c40 1F661FBE 		.word	-1105238497
 953 0c44 0F7D17BE 		.word	-1105756913
 954 0c48 E6910FBE 		.word	-1106275866
 955 0c4c 61A407BE 		.word	-1106795423
 956 0c50 8869FFBD 		.word	-1107334776
 957 0c54 1A86EFBD 		.word	-1108376038
 958 0c58 889FDFBD 		.word	-1109418104
 959 0c5c C4B4CFBD 		.word	-1110461244
 960 0c60 DAC6BFBD 		.word	-1111505190
 961 0c64 52D6AFBD 		.word	-1112549806
 962 0c68 2AE39FBD 		.word	-1113595094
 963 0c6c DDEC8FBD 		.word	-1114641187
 964 0c70 FBE97FBD 		.word	-1115690501
 965 0c74 FDF45FBD 		.word	-1117784835
 966 0c78 DBFC3FBD 		.word	-1119879973
 967 0c7c 9F0220BD 		.word	-1121975649
 968 0c80 3E0500BD 		.word	-1124072130
 969 0c84 890BC0BC 		.word	-1128264823
 970 0c88 630880BC 		.word	-1132459933
 971 0c8c 7C0A00BC 		.word	-1140848004
 972 0c90 00000080 		.word	-2147483648
 973              		.text
 974              	.Letext0:
 975              		.file 2 "c:/yagarto/lib/gcc/../../arm-none-eabi/sys-include/stdint.h"
DEFINED SYMBOLS
                            *ABS*:00000000 lutmath.c
C:\Users\ncmorand\AppData\Local\Temp\cc8BKVzl.s:24     .text:00000000 $a
C:\Users\ncmorand\AppData\Local\Temp\cc8BKVzl.s:27     .text:00000000 sinlut
C:\Users\ncmorand\AppData\Local\Temp\cc8BKVzl.s:116    .text:00000094 $d
C:\Users\ncmorand\AppData\Local\Temp\cc8BKVzl.s:124    .text:000000a4 $a
C:\Users\ncmorand\AppData\Local\Temp\cc8BKVzl.s:127    .text:000000a4 coslut
C:\Users\ncmorand\AppData\Local\Temp\cc8BKVzl.s:157    .text:000000c4 $d
C:\Users\ncmorand\AppData\Local\Temp\cc8BKVzl.s:163    .rodata:00000000 $d
C:\Users\ncmorand\AppData\Local\Temp\cc8BKVzl.s:167    .rodata:00000000 sin_LUT
                     .debug_frame:00000010 $d

UNDEFINED SYMBOLS
__aeabi_fcmplt
__aeabi_dsub
__aeabi_d2f
__aeabi_f2d
__aeabi_dcmpge
__aeabi_ddiv
__aeabi_dmul
__aeabi_d2uiz
__aeabi_dadd
