   1              		.cpu arm7tdmi-s
   2              		.fpu softvfp
   3              		.eabi_attribute 20, 1
   4              		.eabi_attribute 21, 1
   5              		.eabi_attribute 23, 3
   6              		.eabi_attribute 24, 1
   7              		.eabi_attribute 25, 1
   8              		.eabi_attribute 26, 1
   9              		.eabi_attribute 30, 4
  10              		.eabi_attribute 34, 0
  11              		.eabi_attribute 18, 4
  12              		.file	"utils.c"
  13              		.text
  14              	.Ltext0:
  15              		.cfi_sections	.debug_frame
  16              		.align	2
  17              		.global	unaligned_read_16
  19              	unaligned_read_16:
  20              	.LFB0:
  21              		.file 1 "../firmware/utils.c"
   1:../firmware/utils.c **** #include "utils.h"
   2:../firmware/utils.c **** 
   3:../firmware/utils.c **** uint16_t unaligned_read_16(uint8_t* ptr)
   4:../firmware/utils.c **** {
  22              		.loc 1 4 0
  23              		.cfi_startproc
  24              		@ Function supports interworking.
  25              		@ args = 0, pretend = 0, frame = 8
  26              		@ frame_needed = 0, uses_anonymous_args = 0
  27              		@ link register save eliminated.
  28              	.LVL0:
   5:../firmware/utils.c ****   uint16_t result;
   6:../firmware/utils.c **** 
   7:../firmware/utils.c ****   uint8_t* i = (uint8_t*) ptr;
   8:../firmware/utils.c ****   uint8_t* j = (uint8_t*) &result;
   9:../firmware/utils.c **** 
  10:../firmware/utils.c ****   j[0] = i[0];
  29              		.loc 1 10 0
  30 0000 0030D0E5 		ldrb	r3, [r0, #0]	@ zero_extendqisi2
   4:../firmware/utils.c **** {
  31              		.loc 1 4 0
  32 0004 08D04DE2 		sub	sp, sp, #8
  33              	.LCFI0:
  34              		.cfi_def_cfa_offset 8
  35              	.LVL1:
  36              		.loc 1 10 0
  37 0008 0630CDE5 		strb	r3, [sp, #6]
  11:../firmware/utils.c ****   j[1] = i[1];
  38              		.loc 1 11 0
  39 000c 0130D0E5 		ldrb	r3, [r0, #1]	@ zero_extendqisi2
  40 0010 0730CDE5 		strb	r3, [sp, #7]
  41              	.LVL2:
  12:../firmware/utils.c **** 
  13:../firmware/utils.c ****   return result;
  14:../firmware/utils.c **** }
  42              		.loc 1 14 0
  43 0014 B600DDE1 		ldrh	r0, [sp, #6]
  44              	.LVL3:
  45 0018 08D08DE2 		add	sp, sp, #8
  46 001c 1EFF2FE1 		bx	lr
  47              		.cfi_endproc
  48              	.LFE0:
  50              		.align	2
  51              		.global	unaligned_read_32
  53              	unaligned_read_32:
  54              	.LFB1:
  15:../firmware/utils.c **** 
  16:../firmware/utils.c **** uint32_t unaligned_read_32(uint8_t* ptr)
  17:../firmware/utils.c **** {
  55              		.loc 1 17 0
  56              		.cfi_startproc
  57              		@ Function supports interworking.
  58              		@ args = 0, pretend = 0, frame = 8
  59              		@ frame_needed = 0, uses_anonymous_args = 0
  60              		@ link register save eliminated.
  61              	.LVL4:
  18:../firmware/utils.c ****   uint32_t result;
  19:../firmware/utils.c **** 
  20:../firmware/utils.c ****   uint8_t* i = (uint8_t*) ptr;
  21:../firmware/utils.c ****   uint8_t* j = (uint8_t*) &result;
  22:../firmware/utils.c **** 
  23:../firmware/utils.c ****   j[0] = i[0];
  62              		.loc 1 23 0
  63 0020 0030D0E5 		ldrb	r3, [r0, #0]	@ zero_extendqisi2
  17:../firmware/utils.c **** {
  64              		.loc 1 17 0
  65 0024 08D04DE2 		sub	sp, sp, #8
  66              	.LCFI1:
  67              		.cfi_def_cfa_offset 8
  68              	.LVL5:
  69              		.loc 1 23 0
  70 0028 0430CDE5 		strb	r3, [sp, #4]
  24:../firmware/utils.c ****   j[1] = i[1];
  71              		.loc 1 24 0
  72 002c 0130D0E5 		ldrb	r3, [r0, #1]	@ zero_extendqisi2
  73 0030 0530CDE5 		strb	r3, [sp, #5]
  25:../firmware/utils.c ****   j[2] = i[2];
  74              		.loc 1 25 0
  75 0034 0230D0E5 		ldrb	r3, [r0, #2]	@ zero_extendqisi2
  76 0038 0630CDE5 		strb	r3, [sp, #6]
  26:../firmware/utils.c ****   j[3] = i[3];
  77              		.loc 1 26 0
  78 003c 0330D0E5 		ldrb	r3, [r0, #3]	@ zero_extendqisi2
  79 0040 0730CDE5 		strb	r3, [sp, #7]
  80              	.LVL6:
  27:../firmware/utils.c **** 
  28:../firmware/utils.c ****   return result;
  29:../firmware/utils.c **** }
  81              		.loc 1 29 0
  82 0044 04009DE5 		ldr	r0, [sp, #4]
  83              	.LVL7:
  84 0048 08D08DE2 		add	sp, sp, #8
  85 004c 1EFF2FE1 		bx	lr
  86              		.cfi_endproc
  87              	.LFE1:
  89              		.align	2
  90              		.global	unaligned_write_16
  92              	unaligned_write_16:
  93              	.LFB2:
  30:../firmware/utils.c **** 
  31:../firmware/utils.c **** void unaligned_write_16(uint8_t* ptr, uint16_t val)
  32:../firmware/utils.c **** {
  94              		.loc 1 32 0
  95              		.cfi_startproc
  96              		@ Function supports interworking.
  97              		@ args = 0, pretend = 0, frame = 8
  98              		@ frame_needed = 0, uses_anonymous_args = 0
  99              		@ link register save eliminated.
 100              	.LVL8:
  33:../firmware/utils.c ****   uint8_t* i = (uint8_t*) ptr;
  34:../firmware/utils.c ****   uint8_t* j = (uint8_t*) &val;
  35:../firmware/utils.c **** 
  36:../firmware/utils.c ****   i[0] = j[0];
 101              		.loc 1 36 0
 102 0050 0010C0E5 		strb	r1, [r0, #0]
  37:../firmware/utils.c ****   i[1] = j[1];
 103              		.loc 1 37 0
 104 0054 2114A0E1 		mov	r1, r1, lsr #8
 105              	.LVL9:
  32:../firmware/utils.c **** {
 106              		.loc 1 32 0
 107 0058 08D04DE2 		sub	sp, sp, #8
 108              	.LCFI2:
 109              		.cfi_def_cfa_offset 8
 110              	.LVL10:
 111              		.loc 1 37 0
 112 005c 0110C0E5 		strb	r1, [r0, #1]
  38:../firmware/utils.c **** }
 113              		.loc 1 38 0
 114 0060 08D08DE2 		add	sp, sp, #8
 115 0064 1EFF2FE1 		bx	lr
 116              		.cfi_endproc
 117              	.LFE2:
 119              		.align	2
 120              		.global	unaligned_write_32
 122              	unaligned_write_32:
 123              	.LFB3:
  39:../firmware/utils.c **** 
  40:../firmware/utils.c **** void unaligned_write_32(uint8_t* ptr, uint32_t val)
  41:../firmware/utils.c **** {
 124              		.loc 1 41 0
 125              		.cfi_startproc
 126              		@ Function supports interworking.
 127              		@ args = 0, pretend = 0, frame = 8
 128              		@ frame_needed = 0, uses_anonymous_args = 0
 129              		@ link register save eliminated.
 130              	.LVL11:
 131 0068 2124A0E1 		mov	r2, r1, lsr #8
 132 006c 2138A0E1 		mov	r3, r1, lsr #16
  42:../firmware/utils.c ****   uint8_t* i = (uint8_t*) ptr;
  43:../firmware/utils.c ****   uint8_t* j = (uint8_t*) &val;
  44:../firmware/utils.c **** 
  45:../firmware/utils.c ****   i[0] = j[0];
 133              		.loc 1 45 0
 134 0070 0010C0E5 		strb	r1, [r0, #0]
  46:../firmware/utils.c ****   i[1] = j[1];
  47:../firmware/utils.c ****   i[2] = j[2];
  48:../firmware/utils.c ****   i[3] = j[3];
 135              		.loc 1 48 0
 136 0074 211CA0E1 		mov	r1, r1, lsr #24
 137              	.LVL12:
  41:../firmware/utils.c **** {
 138              		.loc 1 41 0
 139 0078 08D04DE2 		sub	sp, sp, #8
 140              	.LCFI3:
 141              		.cfi_def_cfa_offset 8
 142              	.LVL13:
  46:../firmware/utils.c ****   i[1] = j[1];
 143              		.loc 1 46 0
 144 007c 0120C0E5 		strb	r2, [r0, #1]
  47:../firmware/utils.c ****   i[2] = j[2];
 145              		.loc 1 47 0
 146 0080 0230C0E5 		strb	r3, [r0, #2]
 147              		.loc 1 48 0
 148 0084 0310C0E5 		strb	r1, [r0, #3]
  49:../firmware/utils.c **** }
 149              		.loc 1 49 0
 150 0088 08D08DE2 		add	sp, sp, #8
 151 008c 1EFF2FE1 		bx	lr
 152              		.cfi_endproc
 153              	.LFE3:
 155              	.Letext0:
 156              		.file 2 "c:/yagarto/lib/gcc/../../arm-none-eabi/sys-include/stdint.h"
DEFINED SYMBOLS
                            *ABS*:00000000 utils.c
C:\Users\ncmorand\AppData\Local\Temp\ccxDkH9g.s:16     .text:00000000 $a
C:\Users\ncmorand\AppData\Local\Temp\ccxDkH9g.s:19     .text:00000000 unaligned_read_16
C:\Users\ncmorand\AppData\Local\Temp\ccxDkH9g.s:53     .text:00000020 unaligned_read_32
C:\Users\ncmorand\AppData\Local\Temp\ccxDkH9g.s:92     .text:00000050 unaligned_write_16
C:\Users\ncmorand\AppData\Local\Temp\ccxDkH9g.s:122    .text:00000068 unaligned_write_32
                     .debug_frame:00000010 $d

NO UNDEFINED SYMBOLS
