   1              		.cpu arm7tdmi-s
   2              		.fpu softvfp
   3              		.eabi_attribute 20, 1
   4              		.eabi_attribute 21, 1
   5              		.eabi_attribute 23, 3
   6              		.eabi_attribute 24, 1
   7              		.eabi_attribute 25, 1
   8              		.eabi_attribute 26, 1
   9              		.eabi_attribute 30, 4
  10              		.eabi_attribute 34, 0
  11              		.eabi_attribute 18, 4
  12              		.file	"main.c"
  13              		.text
  14              	.Ltext0:
  15              		.cfi_sections	.debug_frame
  16              		.section	.text.startup,"ax",%progbits
  17              		.align	2
  18              		.global	main
  20              	main:
  21              	.LFB0:
  22              		.file 1 "main.c"
   1:main.c        **** #include "hardware.h"
   2:main.c        **** #include "registers.h"
   3:main.c        **** #include "modes.h"
   4:main.c        **** 
   5:main.c        **** int main(void)
   6:main.c        **** {
  23              		.loc 1 6 0
  24              		.cfi_startproc
  25              		@ Function supports interworking.
  26              		@ args = 0, pretend = 0, frame = 0
  27              		@ frame_needed = 0, uses_anonymous_args = 0
  28 0000 08402DE9 		stmfd	sp!, {r3, lr}
  29              	.LCFI0:
  30              		.cfi_def_cfa_offset 8
  31              		.cfi_offset 3, -8
  32              		.cfi_offset 14, -4
   7:main.c        ****   hardware_init();
  33              		.loc 1 7 0
  34 0004 FEFFFFEB 		bl	hardware_init
  35              	.LVL0:
   8:main.c        ****   registers_init();
  36              		.loc 1 8 0
  37 0008 FEFFFFEB 		bl	registers_init
  38              	.LVL1:
   9:main.c        **** 
  10:main.c        ****   // Changes the color of the led (green) to show the boot
  11:main.c        ****   set_color_i(2, 0);
  39              		.loc 1 11 0
  40 000c 0200A0E3 		mov	r0, #2
  41 0010 0010A0E3 		mov	r1, #0
  42 0014 FEFFFFEB 		bl	set_color_i
  43              	.LVL2:
  12:main.c        **** 
  13:main.c        ****   // Calls the main mode loop (see modes.c)
  14:main.c        ****   main_mode_loop();
  44              		.loc 1 14 0
  45 0018 FEFFFFEB 		bl	main_mode_loop
  46              	.LVL3:
  15:main.c        **** 
  16:main.c        ****   return 0;
  17:main.c        **** }
  47              		.loc 1 17 0
  48 001c 0000A0E3 		mov	r0, #0
  49 0020 0840BDE8 		ldmfd	sp!, {r3, lr}
  50 0024 1EFF2FE1 		bx	lr
  51              		.cfi_endproc
  52              	.LFE0:
  54              		.text
  55              	.Letext0:
  56              		.file 2 "../firmware/hardware.h"
  57              		.file 3 "../firmware/registers.h"
  58              		.file 4 "modes.h"
  59              		.file 5 "c:/yagarto/lib/gcc/../../arm-none-eabi/sys-include/stdint.h"
DEFINED SYMBOLS
                            *ABS*:00000000 main.c
C:\Users\ncmorand\AppData\Local\Temp\ccT3l2uc.s:17     .text.startup:00000000 $a
C:\Users\ncmorand\AppData\Local\Temp\ccT3l2uc.s:20     .text.startup:00000000 main
                     .debug_frame:00000010 $d

UNDEFINED SYMBOLS
hardware_init
registers_init
set_color_i
main_mode_loop
